0 info it worked if it ends with ok
1 verbose cli [ 'C:\\Program Files\\nodejs\\node.exe',
1 verbose cli   'C:\\Program Files\\nodejs\\node_modules\\npm\\bin\\npm-cli.js',
1 verbose cli   'run',
1 verbose cli   'hero' ]
2 info using npm@3.10.10
3 info using node@v6.9.4
4 verbose run-script [ 'prehero', 'hero', 'posthero' ]
5 info lifecycle proyecto_oct_0.2@0.2.1~prehero: proyecto_oct_0.2@0.2.1
6 silly lifecycle proyecto_oct_0.2@0.2.1~prehero: no script for prehero, continuing
7 info lifecycle proyecto_oct_0.2@0.2.1~hero: proyecto_oct_0.2@0.2.1
8 verbose lifecycle proyecto_oct_0.2@0.2.1~hero: unsafe-perm in lifecycle true
9 verbose lifecycle proyecto_oct_0.2@0.2.1~hero: PATH: C:\Program Files\nodejs\node_modules\npm\bin\node-gyp-bin;C:\Users\Oscar\Desktop\OCT Heroku\node_modules\.bin;C:\Users\Oscar\bin;C:\Program Files (x86)\Git\mingw32\bin;C:\Program Files (x86)\Git\usr\local\bin;C:\Program Files (x86)\Git\usr\bin;C:\Program Files (x86)\Git\usr\bin;C:\Program Files (x86)\Git\mingw32\bin;C:\Program Files (x86)\Git\usr\bin;C:\Users\Oscar\bin;C:\zpanel\bin\apache\bin;C:\zpanel\bin\mysql\bin;C:\zpanel\bin\php;C:\zpanel\bin\wget;C:\zpanel\bin\bind\bin;C:\zpanel\bin\apache\bin;C:\zpanel\bin\mysql\bin;C:\zpanel\bin\php;C:\zpanel\bin\wget;C:\zpanel\bin\bind\bin;C:\zpanel\bin\apache\bin;C:\zpanel\bin\mysql\bin;C:\zpanel\bin\php;C:\zpanel\bin\wget;C:\zpanel\bin\bind\bin;C:\zpanel\bin\apache\bin;C:\zpanel\bin\mysql\bin;C:\zpanel\bin\php;C:\zpanel\bin\wget;C:\zpanel\bin\bind\bin;C:\Program Files\Microsoft MPI\Bin;C:\ProgramData\Oracle\Java\javapath;C:\Windows\system32;C:\Windows;C:\Windows\System32\Wbem;C:\Windows\System32\WindowsPowerShell\v1.0;C:\Program Files (x86)\Heroku\bin;C:\Program Files (x86)\git\cmd;C:\Program Files (x86)\Git\cmd;C:\Program Files\MATLAB\MATLAB Production Server\R2015a\runtime\win64;C:\Program Files\MATLAB\MATLAB Production Server\R2015a\bin;C:\Program Files\MATLAB\MATLAB Production Server\R2015a\polyspace\bin;C:\Program Files (x86)\Microsoft SQL Server\130\Tools\Binn;C:\Program Files\Microsoft SQL Server\130\Tools\Binn;C:\Program Files (x86)\Microsoft SQL Server\130\DTS\Binn;C:\Program Files\Microsoft SQL Server\130\DTS\Binn;C:\Program Files (x86)\Microsoft SQL Server\Client SDK\ODBC\130\Tools\Binn;C:\Program Files (x86)\Microsoft SQL Server\130\Tools\Binn\ManagementStudio;C:\Program Files\nodejs;C:\Program Files (x86)\Skype\Phone;C:\Users\Oscar\AppData\Local\atom\bin;C:\Users\Oscar\AppData\Roaming\npm;C:\Program Files (x86)\Nmap;C:\Program Files\PuTTY;C:\Users\Oscar\AppData\Local\atom\bin;C:\Users\Oscar\AppData\Roaming\npm;C:\Program Files (x86)\Nmap;C:\Program Files (x86)\Git\usr\bin\vendor_perl;C:\Program Files (x86)\Git\usr\bin\core_perl
10 verbose lifecycle proyecto_oct_0.2@0.2.1~hero: CWD: C:\Users\Oscar\Desktop\OCT Heroku
11 silly lifecycle proyecto_oct_0.2@0.2.1~hero: Args: [ '/d /s /c',
11 silly lifecycle   'git add . && git commit -m "test heroku" && git push heroku master' ]
12 silly lifecycle proyecto_oct_0.2@0.2.1~hero: Returned: code: 128  signal: null
13 info lifecycle proyecto_oct_0.2@0.2.1~hero: Failed to exec hero script
14 verbose stack Error: proyecto_oct_0.2@0.2.1 hero: `git add . && git commit -m "test heroku" && git push heroku master`
14 verbose stack Exit status 128
14 verbose stack     at EventEmitter.<anonymous> (C:\Program Files\nodejs\node_modules\npm\lib\utils\lifecycle.js:255:16)
14 verbose stack     at emitTwo (events.js:106:13)
14 verbose stack     at EventEmitter.emit (events.js:191:7)
14 verbose stack     at ChildProcess.<anonymous> (C:\Program Files\nodejs\node_modules\npm\lib\utils\spawn.js:40:14)
14 verbose stack     at emitTwo (events.js:106:13)
14 verbose stack     at ChildProcess.emit (events.js:191:7)
14 verbose stack     at maybeClose (internal/child_process.js:877:16)
14 verbose stack     at Process.ChildProcess._handle.onexit (internal/child_process.js:226:5)
15 verbose pkgid proyecto_oct_0.2@0.2.1
16 verbose cwd C:\Users\Oscar\Desktop\OCT Heroku
17 error Windows_NT 6.3.9600
18 error argv "C:\\Program Files\\nodejs\\node.exe" "C:\\Program Files\\nodejs\\node_modules\\npm\\bin\\npm-cli.js" "run" "hero"
19 error node v6.9.4
20 error npm  v3.10.10
21 error code ELIFECYCLE
22 error proyecto_oct_0.2@0.2.1 hero: `git add . && git commit -m "test heroku" && git push heroku master`
22 error Exit status 128
23 error Failed at the proyecto_oct_0.2@0.2.1 hero script 'git add . && git commit -m "test heroku" && git push heroku master'.
23 error Make sure you have the latest version of node.js and npm installed.
23 error If you do, this is most likely a problem with the proyecto_oct_0.2 package,
23 error not with npm itself.
23 error Tell the author that this fails on your system:
23 error     git add . && git commit -m "test heroku" && git push heroku master
23 error You can get information on how to open an issue for this project with:
23 error     npm bugs proyecto_oct_0.2
23 error Or if that isn't available, you can get their info via:
23 error     npm owner ls proyecto_oct_0.2
23 error There is likely additional logging output above.
24 verbose exit [ 1, true ]
